2020-05-06 09:55:01,645 [INFO] from play.api.http.EnabledFilters in play-dev-mode-akka.actor.default-dispatcher-11 - Enabled Filters (see <https://www.playframework.com/documentation/latest/Filters>):

    play.filters.csrf.CSRFFilter
    play.filters.headers.SecurityHeadersFilter
    play.filters.hosts.AllowedHostsFilter

2020-05-06 09:55:01,654 [INFO] from play.api.Play in play-dev-mode-akka.actor.default-dispatcher-11 - Application started (Dev) (no global state)
2020-05-06 09:55:02,049 [DEBUG] from application.ErrorHandler in application-akka.actor.default-dispatcher-6 - onClientError: statusCode = 404, uri = /, message = 
2020-05-06 09:57:10,842 [INFO] from play.api.http.EnabledFilters in play-dev-mode-akka.actor.default-dispatcher-11 - Enabled Filters (see <https://www.playframework.com/documentation/latest/Filters>):

    play.filters.csrf.CSRFFilter
    play.filters.headers.SecurityHeadersFilter
    play.filters.hosts.AllowedHostsFilter

2020-05-06 09:57:10,845 [INFO] from play.api.Play in play-dev-mode-akka.actor.default-dispatcher-11 - Application started (Dev) (no global state)
2020-05-06 09:57:10,854 [DEBUG] from application.ErrorHandler in application-akka.actor.default-dispatcher-6 - onClientError: statusCode = 404, uri = /, message = 
2020-05-06 09:58:50,698 [INFO] from play.api.http.EnabledFilters in play-dev-mode-akka.actor.default-dispatcher-6 - Enabled Filters (see <https://www.playframework.com/documentation/latest/Filters>):

    play.filters.csrf.CSRFFilter
    play.filters.headers.SecurityHeadersFilter
    play.filters.hosts.AllowedHostsFilter

2020-05-06 09:58:50,702 [INFO] from play.api.Play in play-dev-mode-akka.actor.default-dispatcher-6 - Application started (Dev) (no global state)
2020-05-06 09:58:50,711 [DEBUG] from application.ErrorHandler in application-akka.actor.default-dispatcher-6 - onClientError: statusCode = 404, uri = /, message = 
2020-05-06 09:59:56,560 [TRACE] from v1.post.PostActionBuilder in application-akka.actor.default-dispatcher-7 - invokeBlock: 
2020-05-06 09:59:56,562 [TRACE] from v1.post.PostController in application-akka.actor.default-dispatcher-7 - index: 
2020-05-06 09:59:56,564 [TRACE] from v1.post.PostRepositoryImpl in application-repository.dispatcher-8 - list: 
2020-05-06 09:59:57,440 [DEBUG] from application.ErrorHandler in application-akka.actor.default-dispatcher-7 - onClientError: statusCode = 404, uri = /favicon.ico, message = 
